<?xml version="1.0" encoding="UTF-8" ?>
<testsuite failures="0" time="0.328" errors="0" skipped="0" tests="17" name="group20.antgame.MapParserIT">
  <properties>
    <property name="java.runtime.name" value="Java(TM) SE Runtime Environment"/>
    <property name="sun.boot.library.path" value="C:\Program Files\Java\jdk1.7.0_71\jre\bin"/>
    <property name="java.vm.version" value="24.71-b01"/>
    <property name="java.vm.vendor" value="Oracle Corporation"/>
    <property name="java.vendor.url" value="http://java.oracle.com/"/>
    <property name="path.separator" value=";"/>
    <property name="guice.disable.misplaced.annotation.check" value="true"/>
    <property name="java.vm.name" value="Java HotSpot(TM) 64-Bit Server VM"/>
    <property name="file.encoding.pkg" value="sun.io"/>
    <property name="user.script" value=""/>
    <property name="user.country" value="GB"/>
    <property name="sun.java.launcher" value="SUN_STANDARD"/>
    <property name="sun.os.patch.level" value=""/>
    <property name="test" value="group20.antgame.MapParserIT"/>
    <property name="java.vm.specification.name" value="Java Virtual Machine Specification"/>
    <property name="user.dir" value="C:\Users\owner\Documents\NetBeansProjects\Software-Engineering-Source-Code\AntGame"/>
    <property name="java.runtime.version" value="1.7.0_71-b14"/>
    <property name="java.awt.graphicsenv" value="sun.awt.Win32GraphicsEnvironment"/>
    <property name="java.endorsed.dirs" value="C:\Program Files\Java\jdk1.7.0_71\jre\lib\endorsed"/>
    <property name="os.arch" value="amd64"/>
    <property name="java.io.tmpdir" value="C:\Users\owner\AppData\Local\Temp\"/>
    <property name="line.separator" value="
"/>
    <property name="java.vm.specification.vendor" value="Oracle Corporation"/>
    <property name="user.variant" value=""/>
    <property name="os.name" value="Windows 8.1"/>
    <property name="maven.ext.class.path" value="C:\Users\owner\AppData\Roaming\NetBeans\8.0.1\maven-nblib\netbeans-eventspy.jar;C:\Users\owner\AppData\Roaming\NetBeans\8.0.1\maven-nblib\netbeans-eventspy.jar;C:\Users\owner\AppData\Roaming\NetBeans\8.0.1\maven-nblib\netbeans-eventspy.jar;C:\Users\owner\AppData\Roaming\NetBeans\8.0.1\maven-nblib\netbeans-eventspy.jar;C:\Users\owner\AppData\Roaming\NetBeans\8.0.1\maven-nblib\netbeans-eventspy.jar;C:\Users\owner\AppData\Roaming\NetBeans\8.0.1\maven-nblib\netbeans-eventspy.jar;C:\Users\owner\AppData\Roaming\NetBeans\8.0.1\maven-nblib\netbeans-eventspy.jar;C:\Users\owner\AppData\Roaming\NetBeans\8.0.1\maven-nblib\netbeans-eventspy.jar;C:\Users\owner\AppData\Roaming\NetBeans\8.0.1\maven-nblib\netbeans-eventspy.jar"/>
    <property name="classworlds.conf" value="C:\Program Files\NetBeans 8.0.1\java\maven\bin\m2.conf"/>
    <property name="sun.jnu.encoding" value="Cp1252"/>
    <property name="java.library.path" value="C:\Program Files\Java\jdk1.7.0_71\bin;C:\Windows\Sun\Java\bin;C:\Windows\system32;C:\Windows;C:\ProgramData\Oracle\Java\javapath;C:\Program Files (x86)\Intel\TXE Components\TCS\;C:\Program Files\Intel\TXE Components\TCS\;C:\Windows\system32;C:\Windows;C:\Windows\System32\Wbem;C:\Windows\System32\WindowsPowerShell\v1.0\;C:\Program Files (x86)\Windows Kits\8.1\Windows Performance Toolkit\;C:\Program Files\Microsoft SQL Server\110\Tools\Binn\;C:\Program Files (x86)\Microsoft SDKs\TypeScript\1.0\;C:\Users\owner\Documents\javacc-6.0\bin\lib;."/>
    <property name="java.specification.name" value="Java Platform API Specification"/>
    <property name="java.class.version" value="51.0"/>
    <property name="sun.management.compiler" value="HotSpot 64-Bit Tiered Compilers"/>
    <property name="os.version" value="6.3"/>
    <property name="jpda.listen" value="true"/>
    <property name="jpda.address" value="54817"/>
    <property name="user.home" value="C:\Users\owner"/>
    <property name="user.timezone" value="Europe/London"/>
    <property name="java.awt.printerjob" value="sun.awt.windows.WPrinterJob"/>
    <property name="java.specification.version" value="1.7"/>
    <property name="file.encoding" value="UTF-8"/>
    <property name="user.name" value="owner"/>
    <property name="java.class.path" value="C:\Program Files\NetBeans 8.0.1\java\maven\boot\plexus-classworlds-2.4.jar"/>
    <property name="maven.surefire.debug" value="-Xdebug -Xrunjdwp:transport=dt_socket,server=n,address=54817"/>
    <property name="java.vm.specification.version" value="1.7"/>
    <property name="sun.arch.data.model" value="64"/>
    <property name="java.home" value="C:\Program Files\Java\jdk1.7.0_71\jre"/>
    <property name="sun.java.command" value="org.codehaus.plexus.classworlds.launcher.Launcher -Dtest=group20.antgame.MapParserIT -DforkMode=once -Dmaven.surefire.debug=-Xdebug -Xrunjdwp:transport=dt_socket,server=n,address=54817 -Djpda.listen=true -Djpda.address=54817 -Dmaven.ext.class.path=C:\Users\owner\AppData\Roaming\NetBeans\8.0.1\maven-nblib\netbeans-eventspy.jar;C:\Users\owner\AppData\Roaming\NetBeans\8.0.1\maven-nblib\netbeans-eventspy.jar;C:\Users\owner\AppData\Roaming\NetBeans\8.0.1\maven-nblib\netbeans-eventspy.jar;C:\Users\owner\AppData\Roaming\NetBeans\8.0.1\maven-nblib\netbeans-eventspy.jar;C:\Users\owner\AppData\Roaming\NetBeans\8.0.1\maven-nblib\netbeans-eventspy.jar;C:\Users\owner\AppData\Roaming\NetBeans\8.0.1\maven-nblib\netbeans-eventspy.jar;C:\Users\owner\AppData\Roaming\NetBeans\8.0.1\maven-nblib\netbeans-eventspy.jar;C:\Users\owner\AppData\Roaming\NetBeans\8.0.1\maven-nblib\netbeans-eventspy.jar;C:\Users\owner\AppData\Roaming\NetBeans\8.0.1\maven-nblib\netbeans-eventspy.jar -Dfile.encoding=UTF-8 surefire:test"/>
    <property name="java.specification.vendor" value="Oracle Corporation"/>
    <property name="user.language" value="en"/>
    <property name="awt.toolkit" value="sun.awt.windows.WToolkit"/>
    <property name="java.vm.info" value="mixed mode"/>
    <property name="java.version" value="1.7.0_71"/>
    <property name="java.ext.dirs" value="C:\Program Files\Java\jdk1.7.0_71\jre\lib\ext;C:\Windows\Sun\Java\lib\ext"/>
    <property name="sun.boot.class.path" value="C:\Program Files\Java\jdk1.7.0_71\jre\lib\resources.jar;C:\Program Files\Java\jdk1.7.0_71\jre\lib\rt.jar;C:\Program Files\Java\jdk1.7.0_71\jre\lib\sunrsasign.jar;C:\Program Files\Java\jdk1.7.0_71\jre\lib\jsse.jar;C:\Program Files\Java\jdk1.7.0_71\jre\lib\jce.jar;C:\Program Files\Java\jdk1.7.0_71\jre\lib\charsets.jar;C:\Program Files\Java\jdk1.7.0_71\jre\lib\jfr.jar;C:\Program Files\Java\jdk1.7.0_71\jre\classes"/>
    <property name="java.vendor" value="Oracle Corporation"/>
    <property name="maven.home" value="C:\Program Files\NetBeans 8.0.1\java\maven"/>
    <property name="file.separator" value="\"/>
    <property name="java.vendor.url.bug" value="http://bugreport.sun.com/bugreport/"/>
    <property name="forkMode" value="once"/>
    <property name="sun.cpu.endian" value="little"/>
    <property name="sun.io.unicode.encoding" value="UnicodeLittle"/>
    <property name="sun.desktop" value="windows"/>
    <property name="sun.cpu.isalist" value="amd64"/>
  </properties>
  <testcase time="0.016" classname="group20.antgame.MapParserIT" name="testIsPosIntFalseForPosNumWithChars"/>
  <testcase time="0" classname="group20.antgame.MapParserIT" name="dimensionOKfailsWithinValidInput3"/>
  <testcase time="0.015" classname="group20.antgame.MapParserIT" name="testBodyRowOKPassesWithValidInput"/>
  <testcase time="0" classname="group20.antgame.MapParserIT" name="testBodyRowOKFailsWithInvalidInput2"/>
  <testcase time="0" classname="group20.antgame.MapParserIT" name="testIsPosIntTrueFor150AndTriailingSpaces"/>
  <testcase time="0" classname="group20.antgame.MapParserIT" name="dimensionOKPassesWithValidInput2"/>
  <testcase time="0" classname="group20.antgame.MapParserIT" name="dimensionOKfailsWithinValidInput"/>
  <testcase time="0" classname="group20.antgame.MapParserIT" name="testBodyRowOKFailsWithInvalidInput"/>
  <testcase time="0" classname="group20.antgame.MapParserIT" name="dimensionOKfailsWithinValidInput2"/>
  <testcase time="0" classname="group20.antgame.MapParserIT" name="dimensionOKPassesWithValidInput"/>
  <testcase time="0" classname="group20.antgame.MapParserIT" name="testBodyRowOKFailsWithInvalidInput3"/>
  <testcase time="0.015" classname="group20.antgame.MapParserIT" name="testTopRowOK"/>
  <testcase time="0.016" classname="group20.antgame.MapParserIT" name="testParseMapPassesWihValidMap"/>
  <testcase time="0" classname="group20.antgame.MapParserIT" name="testIsPosIntTrueFor456"/>
  <testcase time="0" classname="group20.antgame.MapParserIT" name="testIsPosIntFalseForNegOne"/>
  <testcase time="0.016" classname="group20.antgame.MapParserIT" name="testIsPosIntFalseForZero"/>
  <testcase time="0" classname="group20.antgame.MapParserIT" name="testBodyRowOKPassesWithValidInputTrailingSpaces"/>
</testsuite>