<?xml version="1.0" encoding="UTF-8" ?>
<testsuite tests="76" failures="1" name="group20.antgame.AntGameModelTest" time="27.612" errors="1" skipped="0">
  <properties>
    <property name="java.runtime.name" value="Java(TM) SE Runtime Environment"/>
    <property name="sun.boot.library.path" value="C:\Program Files\Java\jdk1.8.0_25\jre\bin"/>
    <property name="java.vm.version" value="25.25-b02"/>
    <property name="java.vm.vendor" value="Oracle Corporation"/>
    <property name="java.vendor.url" value="http://java.oracle.com/"/>
    <property name="path.separator" value=";"/>
    <property name="guice.disable.misplaced.annotation.check" value="true"/>
    <property name="java.vm.name" value="Java HotSpot(TM) 64-Bit Server VM"/>
    <property name="file.encoding.pkg" value="sun.io"/>
    <property name="user.script" value=""/>
    <property name="user.country" value="GB"/>
    <property name="sun.java.launcher" value="SUN_STANDARD"/>
    <property name="sun.os.patch.level" value="Service Pack 1"/>
    <property name="test" value="group20.antgame.AntGameModelTest"/>
    <property name="java.vm.specification.name" value="Java Virtual Machine Specification"/>
    <property name="user.dir" value="C:\Users\Patrick\Documents\NetBeansProjects\Software-Engineering-Source-Code\AntGame"/>
    <property name="java.runtime.version" value="1.8.0_25-b18"/>
    <property name="java.awt.graphicsenv" value="sun.awt.Win32GraphicsEnvironment"/>
    <property name="java.endorsed.dirs" value="C:\Program Files\Java\jdk1.8.0_25\jre\lib\endorsed"/>
    <property name="os.arch" value="amd64"/>
    <property name="java.io.tmpdir" value="C:\Users\Patrick\AppData\Local\Temp\"/>
    <property name="line.separator" value="
"/>
    <property name="java.vm.specification.vendor" value="Oracle Corporation"/>
    <property name="user.variant" value=""/>
    <property name="os.name" value="Windows 7"/>
    <property name="maven.ext.class.path" value="C:\Users\Patrick\AppData\Roaming\NetBeans\8.0.1\maven-nblib\netbeans-eventspy.jar"/>
    <property name="classworlds.conf" value="C:\Program Files (x86)\NetBeans 8.0.1\java\maven\bin\m2.conf"/>
    <property name="sun.jnu.encoding" value="Cp1252"/>
    <property name="java.library.path" value="C:\Program Files\Java\jdk1.8.0_25\bin;C:\Windows\Sun\Java\bin;C:\Windows\system32;C:\Windows;C:\ProgramData\Oracle\Java\javapath;C:\Program Files\Common Files\Microsoft Shared\Windows Live;C:\Program Files (x86)\Common Files\Microsoft Shared\Windows Live;c:\Program Files (x86)\Intel\iCLS Client\;c:\Program Files\Intel\iCLS Client\;C:\Windows\system32;C:\Windows;C:\Windows\System32\Wbem;C:\Windows\System32\WindowsPowerShell\v1.0\;C:\Program Files (x86)\Windows Live\Shared;C:\Program Files\Microsoft SQL Server\110\Tools\Binn\;c:\Program Files (x86)\Microsoft SQL Server\100\Tools\Binn\;c:\Program Files\Microsoft SQL Server\100\Tools\Binn\;c:\Program Files\Microsoft SQL Server\100\DTS\Binn\;C:\Program Files (x86)\QuickTime\QTSystem\;C:\Program Files (x86)\AMD\ATI.ACE\Core-Static;."/>
    <property name="java.specification.name" value="Java Platform API Specification"/>
    <property name="java.class.version" value="52.0"/>
    <property name="sun.management.compiler" value="HotSpot 64-Bit Tiered Compilers"/>
    <property name="os.version" value="6.1"/>
    <property name="jpda.listen" value="true"/>
    <property name="jpda.address" value="50574"/>
    <property name="user.home" value="C:\Users\Patrick"/>
    <property name="user.timezone" value="Europe/London"/>
    <property name="java.awt.printerjob" value="sun.awt.windows.WPrinterJob"/>
    <property name="java.specification.version" value="1.8"/>
    <property name="file.encoding" value="UTF-8"/>
    <property name="user.name" value="Patrick"/>
    <property name="java.class.path" value="C:\Program Files (x86)\NetBeans 8.0.1\java\maven\boot\plexus-classworlds-2.4.jar"/>
    <property name="maven.surefire.debug" value="-Xdebug -Xrunjdwp:transport=dt_socket,server=n,address=50574"/>
    <property name="java.vm.specification.version" value="1.8"/>
    <property name="sun.arch.data.model" value="64"/>
    <property name="java.home" value="C:\Program Files\Java\jdk1.8.0_25\jre"/>
    <property name="sun.java.command" value="org.codehaus.plexus.classworlds.launcher.Launcher -Dtest=group20.antgame.AntGameModelTest -DforkMode=once -Dmaven.surefire.debug=-Xdebug -Xrunjdwp:transport=dt_socket,server=n,address=50574 -Djpda.listen=true -Djpda.address=50574 -Dmaven.ext.class.path=C:\Users\Patrick\AppData\Roaming\NetBeans\8.0.1\maven-nblib\netbeans-eventspy.jar -Dfile.encoding=UTF-8 surefire:test"/>
    <property name="java.specification.vendor" value="Oracle Corporation"/>
    <property name="user.language" value="en"/>
    <property name="awt.toolkit" value="sun.awt.windows.WToolkit"/>
    <property name="java.vm.info" value="mixed mode"/>
    <property name="java.version" value="1.8.0_25"/>
    <property name="java.ext.dirs" value="C:\Program Files\Java\jdk1.8.0_25\jre\lib\ext;C:\Windows\Sun\Java\lib\ext"/>
    <property name="sun.boot.class.path" value="C:\Program Files\Java\jdk1.8.0_25\jre\lib\resources.jar;C:\Program Files\Java\jdk1.8.0_25\jre\lib\rt.jar;C:\Program Files\Java\jdk1.8.0_25\jre\lib\sunrsasign.jar;C:\Program Files\Java\jdk1.8.0_25\jre\lib\jsse.jar;C:\Program Files\Java\jdk1.8.0_25\jre\lib\jce.jar;C:\Program Files\Java\jdk1.8.0_25\jre\lib\charsets.jar;C:\Program Files\Java\jdk1.8.0_25\jre\lib\jfr.jar;C:\Program Files\Java\jdk1.8.0_25\jre\classes"/>
    <property name="java.vendor" value="Oracle Corporation"/>
    <property name="maven.home" value="C:\Program Files (x86)\NetBeans 8.0.1\java\maven"/>
    <property name="file.separator" value="\"/>
    <property name="java.vendor.url.bug" value="http://bugreport.sun.com/bugreport/"/>
    <property name="forkMode" value="once"/>
    <property name="sun.cpu.endian" value="little"/>
    <property name="sun.io.unicode.encoding" value="UnicodeLittle"/>
    <property name="sun.desktop" value="windows"/>
    <property name="sun.cpu.isalist" value="amd64"/>
  </properties>
  <testcase classname="group20.antgame.AntGameModelTest" name="testAdjacentAnts" time="0.01"/>
  <testcase classname="group20.antgame.AntGameModelTest" name="testAdjacentCellDir0PassesCorrectEven" time="0"/>
  <testcase classname="group20.antgame.AntGameModelTest" name="testAdjacentCellDir0FailsIncorrectEven" time="0"/>
  <testcase classname="group20.antgame.AntGameModelTest" name="testAdjacentCellDir1PassesCorrectEven" time="0"/>
  <testcase classname="group20.antgame.AntGameModelTest" name="testAdjacentCellDir2PassesCorrectEven" time="0"/>
  <testcase classname="group20.antgame.AntGameModelTest" name="testAdjacentCellDir3PassesCorrectEven" time="0"/>
  <testcase classname="group20.antgame.AntGameModelTest" name="testAdjacentCellDir4PassesCorrectEven" time="0"/>
  <testcase classname="group20.antgame.AntGameModelTest" name="testAdjacentCellDir5PassesCorrectEven" time="0"/>
  <testcase classname="group20.antgame.AntGameModelTest" name="testAdjacentCellDir0PassesCorrectOdd" time="0"/>
  <testcase classname="group20.antgame.AntGameModelTest" name="testAdjacentCellDir1PassesCorrectOdd" time="0"/>
  <testcase classname="group20.antgame.AntGameModelTest" name="testAdjacentCellDir2PassesCorrectOdd" time="0"/>
  <testcase classname="group20.antgame.AntGameModelTest" name="testAdjacentCellDir3PassesCorrectOdd" time="0"/>
  <testcase classname="group20.antgame.AntGameModelTest" name="testAdjacentCellDir4PassesCorrectOdd" time="0"/>
  <testcase classname="group20.antgame.AntGameModelTest" name="testAdjacentCellDir5PassesCorrectOdd" time="0"/>
  <testcase classname="group20.antgame.AntGameModelTest" name="testAdjacentCellDir5FailsIncorrectOdd" time="0"/>
  <testcase classname="group20.antgame.AntGameModelTest" name="testTurnLeftDir0NotPassForOtherResults" time="0"/>
  <testcase classname="group20.antgame.AntGameModelTest" name="testSensedCellHereFailsUnexpected" time="0"/>
  <testcase classname="group20.antgame.AntGameModelTest" name="testSensedCellAheadPassesExpected" time="0"/>
  <testcase classname="group20.antgame.AntGameModelTest" name="testSensedCellAheadLeftPassesExpected" time="0"/>
  <testcase classname="group20.antgame.AntGameModelTest" name="testSensedCellRIGHTAheadPassesExpected" time="0"/>
  <testcase classname="group20.antgame.AntGameModelTest" name="testCellMatchesFriendREDPassesCorrectly" time="0"/>
  <testcase classname="group20.antgame.AntGameModelTest" name="testCellMatchesFriendBLACKPassesCorrectly" time="0"/>
  <testcase classname="group20.antgame.AntGameModelTest" name="testCellMatchesFriendBLACKFailsCorrectly" time="0"/>
  <testcase classname="group20.antgame.AntGameModelTest" name="testCellMatchesFriendREDFailsCorrectly" time="0"/>
  <testcase classname="group20.antgame.AntGameModelTest" name="testCellMatchesFoeREDPassesCorrectly" time="0"/>
  <testcase classname="group20.antgame.AntGameModelTest" name="testCellMatchesFoeREDFailsCorrectly" time="0"/>
  <testcase classname="group20.antgame.AntGameModelTest" name="testCellMatchesFoeBLACKPassesCorrectly" time="0"/>
  <testcase classname="group20.antgame.AntGameModelTest" name="testCellMatchesFoeBLACKFailsCorrectly" time="0"/>
  <testcase classname="group20.antgame.AntGameModelTest" name="testTurnRightDir0" time="0"/>
  <testcase classname="group20.antgame.AntGameModelTest" name="testTurnRightDir1" time="0"/>
  <testcase classname="group20.antgame.AntGameModelTest" name="testTurnRightDir2" time="0"/>
  <testcase classname="group20.antgame.AntGameModelTest" name="testTurnRightDir3" time="0"/>
  <testcase classname="group20.antgame.AntGameModelTest" name="testTurnRightDir4" time="0"/>
  <testcase classname="group20.antgame.AntGameModelTest" name="testTurnRightDir5" time="0"/>
  <testcase classname="group20.antgame.AntGameModelTest" name="testSensedCellHerePassesExpected" time="0"/>
  <testcase classname="group20.antgame.AntGameModelTest" name="testOtherColourRedReturnsBlack" time="0"/>
  <testcase classname="group20.antgame.AntGameModelTest" name="testOtherColourBlackReturnsRed" time="0"/>
  <testcase classname="group20.antgame.AntGameModelTest" name="testRockyFailsOnClearCell" time="0"/>
  <testcase classname="group20.antgame.AntGameModelTest" name="testRockyPassesOnEdge" time="0.01"/>
  <testcase classname="group20.antgame.AntGameModelTest" name="testAntAtSetAntAt" time="0"/>
  <testcase classname="group20.antgame.AntGameModelTest" name="testTurnLeftDir0" time="0"/>
  <testcase classname="group20.antgame.AntGameModelTest" name="testTurnLeftDir1" time="0"/>
  <testcase classname="group20.antgame.AntGameModelTest" name="testTurnLeftDir2" time="0"/>
  <testcase classname="group20.antgame.AntGameModelTest" name="testTurnLeftDir3" time="0"/>
  <testcase classname="group20.antgame.AntGameModelTest" name="testTurnLeftDir4" time="0"/>
  <testcase classname="group20.antgame.AntGameModelTest" name="testTurnLeftDir5" time="0"/>
  <testcase classname="group20.antgame.AntGameModelTest" name="testState" time="0"/>
  <testcase classname="group20.antgame.AntGameModelTest" name="testColour" time="0"/>
  <testcase classname="group20.antgame.AntGameModelTest" name="testResting" time="0"/>
  <testcase classname="group20.antgame.AntGameModelTest" name="testDirection" time="0"/>
  <testcase classname="group20.antgame.AntGameModelTest" name="testHasFood" time="0"/>
  <testcase classname="group20.antgame.AntGameModelTest" name="testSetState" time="0"/>
  <testcase classname="group20.antgame.AntGameModelTest" name="testSetResting" time="0"/>
  <testcase classname="group20.antgame.AntGameModelTest" name="testSetDirection" time="0"/>
  <testcase classname="group20.antgame.AntGameModelTest" name="testSetHasFood" time="0"/>
  <testcase classname="group20.antgame.AntGameModelTest" name="testSomeAntIsAt" time="0"/>
  <testcase classname="group20.antgame.AntGameModelTest" name="testAntIsAlive" time="0"/>
  <testcase classname="group20.antgame.AntGameModelTest" name="testFindAnt" time="0"/>
  <testcase classname="group20.antgame.AntGameModelTest" name="testKillAntAt" time="0"/>
  <testcase classname="group20.antgame.AntGameModelTest" name="testAntHillAt" time="0"/>
  <testcase classname="group20.antgame.AntGameModelTest" name="testPlayRound" time="27.502">
    <error message="Invalid Antbrain Syntax!!" type="group20.antgame.BrainParser$InvalidBrainSyntaxException">group20.antgame.BrainParser$InvalidBrainSyntaxException: Invalid Antbrain Syntax!!
	at group20.antgame.BrainParser.parseBrain(BrainParser.java:338)
	at group20.antgame.AntGameModelTest.testPlayRound(AntGameModelTest.java:1338)
	at sun.reflect.NativeMethodAccessorImpl.invoke0(Native Method)
	at sun.reflect.NativeMethodAccessorImpl.invoke(NativeMethodAccessorImpl.java:62)
	at sun.reflect.DelegatingMethodAccessorImpl.invoke(DelegatingMethodAccessorImpl.java:43)
	at java.lang.reflect.Method.invoke(Method.java:483)
	at org.junit.runners.model.FrameworkMethod$1.runReflectiveCall(FrameworkMethod.java:45)
	at org.junit.internal.runners.model.ReflectiveCallable.run(ReflectiveCallable.java:15)
	at org.junit.runners.model.FrameworkMethod.invokeExplosively(FrameworkMethod.java:42)
	at org.junit.internal.runners.statements.InvokeMethod.evaluate(InvokeMethod.java:20)
	at org.junit.internal.runners.statements.RunBefores.evaluate(RunBefores.java:28)
	at org.junit.internal.runners.statements.RunAfters.evaluate(RunAfters.java:30)
	at org.junit.runners.ParentRunner.runLeaf(ParentRunner.java:263)
	at org.junit.runners.BlockJUnit4ClassRunner.runChild(BlockJUnit4ClassRunner.java:68)
	at org.junit.runners.BlockJUnit4ClassRunner.runChild(BlockJUnit4ClassRunner.java:47)
	at org.junit.runners.ParentRunner$3.run(ParentRunner.java:231)
	at org.junit.runners.ParentRunner$1.schedule(ParentRunner.java:60)
	at org.junit.runners.ParentRunner.runChildren(ParentRunner.java:229)
	at org.junit.runners.ParentRunner.access$000(ParentRunner.java:50)
	at org.junit.runners.ParentRunner$2.evaluate(ParentRunner.java:222)
	at org.junit.internal.runners.statements.RunBefores.evaluate(RunBefores.java:28)
	at org.junit.internal.runners.statements.RunAfters.evaluate(RunAfters.java:30)
	at org.junit.runners.ParentRunner.run(ParentRunner.java:300)
	at org.apache.maven.surefire.junit4.JUnit4TestSet.execute(JUnit4TestSet.java:53)
	at org.apache.maven.surefire.junit4.JUnit4Provider.executeTestSet(JUnit4Provider.java:123)
	at org.apache.maven.surefire.junit4.JUnit4Provider.invoke(JUnit4Provider.java:104)
	at sun.reflect.NativeMethodAccessorImpl.invoke0(Native Method)
	at sun.reflect.NativeMethodAccessorImpl.invoke(NativeMethodAccessorImpl.java:62)
	at sun.reflect.DelegatingMethodAccessorImpl.invoke(DelegatingMethodAccessorImpl.java:43)
	at java.lang.reflect.Method.invoke(Method.java:483)
	at org.apache.maven.surefire.util.ReflectionUtils.invokeMethodWithArray(ReflectionUtils.java:164)
	at org.apache.maven.surefire.booter.ProviderFactory$ProviderProxy.invoke(ProviderFactory.java:110)
	at org.apache.maven.surefire.booter.SurefireStarter.invokeProvider(SurefireStarter.java:175)
	at org.apache.maven.surefire.booter.SurefireStarter.runSuitesInProcessWhenForked(SurefireStarter.java:107)
	at org.apache.maven.surefire.booter.ForkedBooter.main(ForkedBooter.java:68)
</error>
    <system-out>playRound
found food: 9
found food: 9
found food: 3
found food: 3
found food: 9
found food: 5
found food: 5
found food: 9
found food: 3
found food: 3
found food: 9
found food: 9
</system-out>
  </testcase>
  <testcase classname="group20.antgame.AntGameModelTest" name="testClearAntAtSomeAntat" time="0"/>
  <testcase classname="group20.antgame.AntGameModelTest" name="testCheckSetClearMarkerAt" time="0.01"/>
  <testcase classname="group20.antgame.AntGameModelTest" name="testCheckSetClearAnyMarkerAt" time="0"/>
  <testcase classname="group20.antgame.AntGameModelTest" name="testSetFoodAtFoodAt" time="0"/>
  <testcase classname="group20.antgame.AntGameModelTest" name="testCellMatchesFriendWithFood" time="0"/>
  <testcase classname="group20.antgame.AntGameModelTest" name="testCellMatchesFoeWithFood" time="0"/>
  <testcase classname="group20.antgame.AntGameModelTest" name="testCellMatchesFood" time="0"/>
  <testcase classname="group20.antgame.AntGameModelTest" name="testCellMatchesRock" time="0"/>
  <testcase classname="group20.antgame.AntGameModelTest" name="testCellMatchesMarker" time="0">
    <failure message="expected:&lt;true&gt; but was:&lt;false&gt;" type="java.lang.AssertionError">java.lang.AssertionError: expected:&lt;true&gt; but was:&lt;false&gt;
	at org.junit.Assert.fail(Assert.java:93)
	at org.junit.Assert.failNotEquals(Assert.java:647)
	at org.junit.Assert.assertEquals(Assert.java:128)
	at org.junit.Assert.assertEquals(Assert.java:147)
	at group20.antgame.AntGameModelTest.testCellMatchesMarker(AntGameModelTest.java:1145)
	at sun.reflect.NativeMethodAccessorImpl.invoke0(Native Method)
	at sun.reflect.NativeMethodAccessorImpl.invoke(NativeMethodAccessorImpl.java:62)
	at sun.reflect.DelegatingMethodAccessorImpl.invoke(DelegatingMethodAccessorImpl.java:43)
	at java.lang.reflect.Method.invoke(Method.java:483)
	at org.junit.runners.model.FrameworkMethod$1.runReflectiveCall(FrameworkMethod.java:45)
	at org.junit.internal.runners.model.ReflectiveCallable.run(ReflectiveCallable.java:15)
	at org.junit.runners.model.FrameworkMethod.invokeExplosively(FrameworkMethod.java:42)
	at org.junit.internal.runners.statements.InvokeMethod.evaluate(InvokeMethod.java:20)
	at org.junit.internal.runners.statements.RunBefores.evaluate(RunBefores.java:28)
	at org.junit.internal.runners.statements.RunAfters.evaluate(RunAfters.java:30)
	at org.junit.runners.ParentRunner.runLeaf(ParentRunner.java:263)
	at org.junit.runners.BlockJUnit4ClassRunner.runChild(BlockJUnit4ClassRunner.java:68)
	at org.junit.runners.BlockJUnit4ClassRunner.runChild(BlockJUnit4ClassRunner.java:47)
	at org.junit.runners.ParentRunner$3.run(ParentRunner.java:231)
	at org.junit.runners.ParentRunner$1.schedule(ParentRunner.java:60)
	at org.junit.runners.ParentRunner.runChildren(ParentRunner.java:229)
	at org.junit.runners.ParentRunner.access$000(ParentRunner.java:50)
	at org.junit.runners.ParentRunner$2.evaluate(ParentRunner.java:222)
	at org.junit.internal.runners.statements.RunBefores.evaluate(RunBefores.java:28)
	at org.junit.internal.runners.statements.RunAfters.evaluate(RunAfters.java:30)
	at org.junit.runners.ParentRunner.run(ParentRunner.java:300)
	at org.apache.maven.surefire.junit4.JUnit4TestSet.execute(JUnit4TestSet.java:53)
	at org.apache.maven.surefire.junit4.JUnit4Provider.executeTestSet(JUnit4Provider.java:123)
	at org.apache.maven.surefire.junit4.JUnit4Provider.invoke(JUnit4Provider.java:104)
	at sun.reflect.NativeMethodAccessorImpl.invoke0(Native Method)
	at sun.reflect.NativeMethodAccessorImpl.invoke(NativeMethodAccessorImpl.java:62)
	at sun.reflect.DelegatingMethodAccessorImpl.invoke(DelegatingMethodAccessorImpl.java:43)
	at java.lang.reflect.Method.invoke(Method.java:483)
	at org.apache.maven.surefire.util.ReflectionUtils.invokeMethodWithArray(ReflectionUtils.java:164)
	at org.apache.maven.surefire.booter.ProviderFactory$ProviderProxy.invoke(ProviderFactory.java:110)
	at org.apache.maven.surefire.booter.SurefireStarter.invokeProvider(SurefireStarter.java:175)
	at org.apache.maven.surefire.booter.SurefireStarter.runSuitesInProcessWhenForked(SurefireStarter.java:107)
	at org.apache.maven.surefire.booter.ForkedBooter.main(ForkedBooter.java:68)
</failure>
    <system-out>cellMatches
</system-out>
  </testcase>
  <testcase classname="group20.antgame.AntGameModelTest" name="testCellMatchesFoeMarker" time="0"/>
  <testcase classname="group20.antgame.AntGameModelTest" name="testCellMatchesHome" time="0"/>
  <testcase classname="group20.antgame.AntGameModelTest" name="testCellMatchesFoeHome" time="0"/>
  <testcase classname="group20.antgame.AntGameModelTest" name="testGetInstruction" time="0"/>
  <testcase classname="group20.antgame.AntGameModelTest" name="testCheckForSurroundedAntAt" time="0"/>
  <testcase classname="group20.antgame.AntGameModelTest" name="testCheckForSurroundedAnts" time="0"/>
</testsuite>